<?xml version="1.0" encoding="UTF-8"?>
<!-- Generated by org.testng.reporters.JUnitXMLReporter -->
<testsuite hostname="DESKTOP-EG3OU6E" failures="0" tests="1" name="Newtest1" time="2.26" errors="0" timestamp="26 May 2024 08:05:31 GMT">
  <testcase classname="testCases.NewTest1" name="@BeforeTest setup" time="0.0">
    <failure type="org.openqa.selenium.SessionNotCreatedException" message="session not created: This version of ChromeDriver only supports Chrome version 114
Current browser version is 125.0.6422.113 with binary path C:\Program Files\Google\Chrome\Application\chrome.exe
Build info: version: &amp;apos;3.141.59&amp;apos;, revision: &amp;apos;e82be7d358&amp;apos;, time: &amp;apos;2018-11-14T08:17:03&amp;apos;
System info: host: &amp;apos;DESKTOP-EG3OU6E&amp;apos;, ip: &amp;apos;192.168.1.4&amp;apos;, os.name: &amp;apos;Windows 11&amp;apos;, os.arch: &amp;apos;amd64&amp;apos;, os.version: &amp;apos;10.0&amp;apos;, java.version: &amp;apos;17.0.10&amp;apos;
Driver info: driver.version: ChromeDriver
remote stacktrace: Backtrace:
	GetHandleVerifier [0x00FB6E73+48323]
	(No symbol) [0x00F49661]
	(No symbol) [0x00E55308]
	(No symbol) [0x00E7634C]
	(No symbol) [0x00E72093]
	(No symbol) [0x00E70719]
	(No symbol) [0x00EA0DF5]
	(No symbol) [0x00EA0ADC]
	(No symbol) [0x00E9A6D6]
	(No symbol) [0x00E7847C]
	(No symbol) [0x00E7957D]
	GetHandleVerifier [0x0121FD5D+2575277]
	GetHandleVerifier [0x0125F86E+2836158]
	GetHandleVerifier [0x012596DC+2811180]
	GetHandleVerifier [0x010441B0+626688]
	(No symbol) [0x00F5314C]
	(No symbol) [0x00F4F4B8]
	(No symbol) [0x00F4F59B]
	(No symbol) [0x00F421B7]
	BaseThreadInitThunk [0x750E7BA9+25]
	RtlInitializeExceptionChain [0x772FBE3B+107]
	RtlClearBits [0x772FBDBF+191]
">
      <![CDATA[org.openqa.selenium.SessionNotCreatedException: session not created: This version of ChromeDriver only supports Chrome version 114
Current browser version is 125.0.6422.113 with binary path C:\Program Files\Google\Chrome\Application\chrome.exe
Build info: version: '3.141.59', revision: 'e82be7d358', time: '2018-11-14T08:17:03'
System info: host: 'DESKTOP-EG3OU6E', ip: '192.168.1.4', os.name: 'Windows 11', os.arch: 'amd64', os.version: '10.0', java.version: '17.0.10'
Driver info: driver.version: ChromeDriver
remote stacktrace: Backtrace:
	GetHandleVerifier [0x00FB6E73+48323]
	(No symbol) [0x00F49661]
	(No symbol) [0x00E55308]
	(No symbol) [0x00E7634C]
	(No symbol) [0x00E72093]
	(No symbol) [0x00E70719]
	(No symbol) [0x00EA0DF5]
	(No symbol) [0x00EA0ADC]
	(No symbol) [0x00E9A6D6]
	(No symbol) [0x00E7847C]
	(No symbol) [0x00E7957D]
	GetHandleVerifier [0x0121FD5D+2575277]
	GetHandleVerifier [0x0125F86E+2836158]
	GetHandleVerifier [0x012596DC+2811180]
	GetHandleVerifier [0x010441B0+626688]
	(No symbol) [0x00F5314C]
	(No symbol) [0x00F4F4B8]
	(No symbol) [0x00F4F59B]
	(No symbol) [0x00F421B7]
	BaseThreadInitThunk [0x750E7BA9+25]
	RtlInitializeExceptionChain [0x772FBE3B+107]
	RtlClearBits [0x772FBDBF+191]

	at org.openqa.selenium.remote.W3CHandshakeResponse.lambda$errorHandler$0(W3CHandshakeResponse.java:62)
	at org.openqa.selenium.remote.HandshakeResponse.lambda$getResponseFunction$0(HandshakeResponse.java:30)
	at org.openqa.selenium.remote.ProtocolHandshake.lambda$createSession$0(ProtocolHandshake.java:126)
	at java.base/java.util.stream.ReferencePipeline$3$1.accept(ReferencePipeline.java:197)
	at java.base/java.util.Spliterators$ArraySpliterator.tryAdvance(Spliterators.java:1002)
	at java.base/java.util.stream.ReferencePipeline.forEachWithCancel(ReferencePipeline.java:129)
	at java.base/java.util.stream.AbstractPipeline.copyIntoWithCancel(AbstractPipeline.java:527)
	at java.base/java.util.stream.AbstractPipeline.copyInto(AbstractPipeline.java:513)
	at java.base/java.util.stream.AbstractPipeline.wrapAndCopyInto(AbstractPipeline.java:499)
	at java.base/java.util.stream.FindOps$FindOp.evaluateSequential(FindOps.java:150)
	at java.base/java.util.stream.AbstractPipeline.evaluate(AbstractPipeline.java:234)
	at java.base/java.util.stream.ReferencePipeline.findFirst(ReferencePipeline.java:647)
	at org.openqa.selenium.remote.ProtocolHandshake.createSession(ProtocolHandshake.java:128)
	at org.openqa.selenium.remote.ProtocolHandshake.createSession(ProtocolHandshake.java:74)
	at org.openqa.selenium.remote.HttpCommandExecutor.execute(HttpCommandExecutor.java:136)
	at org.openqa.selenium.remote.service.DriverCommandExecutor.execute(DriverCommandExecutor.java:83)
	at org.openqa.selenium.remote.RemoteWebDriver.execute(RemoteWebDriver.java:552)
	at org.openqa.selenium.remote.RemoteWebDriver.startSession(RemoteWebDriver.java:213)
	at org.openqa.selenium.remote.RemoteWebDriver.<init>(RemoteWebDriver.java:131)
	at org.openqa.selenium.chrome.ChromeDriver.<init>(ChromeDriver.java:181)
	at org.openqa.selenium.chrome.ChromeDriver.<init>(ChromeDriver.java:168)
	at org.openqa.selenium.chrome.ChromeDriver.<init>(ChromeDriver.java:123)
	at stepDefinitions.baseClass.setUp(baseClass.java:60)
	at testCases.NewTest1.setup(NewTest1.java:27)
	at org.apache.maven.surefire.testng.TestNGExecutor.run(TestNGExecutor.java:284)
	at org.apache.maven.surefire.testng.TestNGXmlTestSuite.execute(TestNGXmlTestSuite.java:75)
	at org.apache.maven.surefire.testng.TestNGProvider.invoke(TestNGProvider.java:119)
	at org.apache.maven.surefire.booter.ForkedBooter.runSuitesInProcess(ForkedBooter.java:428)
	at org.apache.maven.surefire.booter.ForkedBooter.execute(ForkedBooter.java:162)
	at org.apache.maven.surefire.booter.ForkedBooter.run(ForkedBooter.java:562)
	at org.apache.maven.surefire.booter.ForkedBooter.main(ForkedBooter.java:548)
... Removed 24 stack frames]]>
    </failure>
  </testcase> <!-- @BeforeTest setup -->
  <testcase classname="testCases.NewTest1" name="@AfterTest tearDown" time="0.0">
    <skipped/>
  </testcase> <!-- @AfterTest tearDown -->
  <testcase classname="testCases.NewTest1" name="loginTest" time="0.001">
    <skipped/>
  </testcase> <!-- loginTest -->
</testsuite> <!-- Newtest1 -->
